<?xml version="1.0" encoding="UTF-8"?>
<testsuite xmlns:xsi="http://www.w3.org/2001/XMLSchema-instance" xsi:noNamespaceSchemaLocation="https://maven.apache.org/surefire/maven-surefire-plugin/xsd/surefire-test-report.xsd" version="3.0.2" name="com.jhon.tarefasapi.TarefasapiApplicationTests" time="6.141" tests="1" errors="0" skipped="0" failures="0">
  <properties>
[...]
</properties>
  <testcase name="contextLoads" classname="com.jhon.tarefasapi.TarefasapiApplicationTests" time="0.394">
    <system-out><![CDATA[21:23:46.830 [main] INFO org.springframework.test.context.support.AnnotationConfigContextLoaderUtils -- Could not detect default configuration classes for test class [com.jhon.tarefasapi.TarefasapiApplicationTests]: TarefasapiApplicationTests does not declare any static, non-private, non-final, nested classes annotated with @Configuration.
21:23:46.977 [main] INFO org.springframework.boot.test.context.SpringBootTestContextBootstrapper -- Found @SpringBootConfiguration com.jhon.tarefasapi.TarefasapiApplication for test class com.jhon.tarefasapi.TarefasapiApplicationTests

  .   ____          _            __ _ _
 /\\ / ___'_ __ _ _(_)_ __  __ _ \ \ \ \
( ( )\___ | '_ | '_| | '_ \/ _` | \ \ \ \
 \\/  ___)| |_)| | | | | || (_| |  ) ) ) )
  '  |____| .__|_| |_|_| |_\__, | / / / /
 =========|_|==============|___/=/_/_/_/

 :: Spring Boot ::               (v3.5.11)

2026-04-20T21:23:47.526-03:00  INFO 13976 --- [tarefasapi] [           main] c.j.t.TarefasapiApplicationTests         : Starting TarefasapiApplicationTests using Java 17.0.12 with PID 13976 (started by Samsung in C:\ProjectDK\tarefasapi)
2026-04-20T21:23:47.536-03:00  INFO 13976 --- [tarefasapi] [           main] c.j.t.TarefasapiApplicationTests         : No active profile set, falling back to 1 default profile: "default"
2026-04-20T21:23:48.276-03:00  INFO 13976 --- [tarefasapi] [           main] .s.d.r.c.RepositoryConfigurationDelegate : Bootstrapping Spring Data JPA repositories in DEFAULT mode.
2026-04-20T21:23:48.326-03:00  INFO 13976 --- [tarefasapi] [           main] .s.d.r.c.RepositoryConfigurationDelegate : Finished Spring Data repository scanning in 35 ms. Found 1 JPA repository interface.
2026-04-20T21:23:49.277-03:00  INFO 13976 --- [tarefasapi] [           main] o.hibernate.jpa.internal.util.LogHelper  : HHH000204: Processing PersistenceUnitInfo [name: default]
2026-04-20T21:23:49.376-03:00  INFO 13976 --- [tarefasapi] [           main] org.hibernate.Version                    : HHH000412: Hibernate ORM core version 6.6.42.Final
2026-04-20T21:23:49.444-03:00  INFO 13976 --- [tarefasapi] [           main] o.h.c.internal.RegionFactoryInitiator    : HHH000026: Second-level cache disabled
2026-04-20T21:23:49.847-03:00  INFO 13976 --- [tarefasapi] [           main] o.s.o.j.p.SpringPersistenceUnitInfo      : No LoadTimeWeaver setup: ignoring JPA class transformer
2026-04-20T21:23:49.893-03:00  INFO 13976 --- [tarefasapi] [           main] com.zaxxer.hikari.HikariDataSource       : HikariPool-1 - Starting...
2026-04-20T21:23:50.192-03:00  INFO 13976 --- [tarefasapi] [           main] com.zaxxer.hikari.pool.HikariPool        : HikariPool-1 - Added connection org.postgresql.jdbc.PgConnection@38fb151a
2026-04-20T21:23:50.192-03:00  INFO 13976 --- [tarefasapi] [           main] com.zaxxer.hikari.HikariDataSource       : HikariPool-1 - Start completed.
2026-04-20T21:23:50.286-03:00  INFO 13976 --- [tarefasapi] [           main] org.hibernate.orm.connections.pooling    : HHH10001005: Database info:
	Database JDBC URL [Connecting through datasource 'HikariDataSource (HikariPool-1)']
	Database driver: undefined/unknown
	Database version: 17.5
	Autocommit mode: undefined/unknown
	Isolation level: undefined/unknown
	Minimum pool size: undefined/unknown
	Maximum pool size: undefined/unknown
2026-04-20T21:23:51.151-03:00  INFO 13976 --- [tarefasapi] [           main] o.h.e.t.j.p.i.JtaPlatformInitiator       : HHH000489: No JTA platform available (set 'hibernate.transaction.jta.platform' to enable JTA platform integration)
2026-04-20T21:23:51.232-03:00  INFO 13976 --- [tarefasapi] [           main] j.LocalContainerEntityManagerFactoryBean : Initialized JPA EntityManagerFactory for persistence unit 'default'
2026-04-20T21:23:51.770-03:00  WARN 13976 --- [tarefasapi] [           main] JpaBaseConfiguration$JpaWebConfiguration : spring.jpa.open-in-view is enabled by default. Therefore, database queries may be performed during view rendering. Explicitly configure spring.jpa.open-in-view to disable this warning
2026-04-20T21:23:52.367-03:00  INFO 13976 --- [tarefasapi] [           main] c.j.t.TarefasapiApplicationTests         : Started TarefasapiApplicationTests in 5.165 seconds (process running for 6.261)
]]></system-out>
  </testcase>
</testsuite>